<?xml version="1.0" encoding="UTF-8"?>
<!-- Generated by org.testng.reporters.JUnitXMLReporter -->
<testsuite ignored="0" hostname="5CG232143J" failures="0" tests="2" name="Default test" time="1.138" errors="0" timestamp="2024-10-22T10:01:33 IST">
  <testcase classname="api.test.DDTests" name="testPostuser" time="0.0">
    <skipped/>
  </testcase> <!-- testPostuser -->
  <testcase classname="api.test.DDTests" name="testDeleteUserByName" time="0.0">
    <skipped/>
  </testcase> <!-- testDeleteUserByName -->
</testsuite> <!-- Default test -->
