<?xml version="1.0" encoding="UTF-8"?>
<testng-results ignored="0" total="4" passed="4" failed="0" skipped="0">
  <reporter-output>
  </reporter-output>
  <suite started-at="2024-10-22T15:21:08 IST" name="PetSuite" finished-at="2024-10-22T15:21:17 IST" duration-ms="8763">
    <groups>
    </groups>
    <test started-at="2024-10-22T15:21:08 IST" name="PetTests" finished-at="2024-10-22T15:21:17 IST" duration-ms="8763">
      <class name="api.test.UserTests">
        <test-method is-config="true" signature="setupData()[pri:0, instance:api.test.UserTests@3ce1e309]" started-at="2024-10-22T15:21:09 IST" name="setupData" finished-at="2024-10-22T15:21:09 IST" duration-ms="205" status="PASS">
          <reporter-output>
          </reporter-output>
        </test-method> <!-- setupData -->
        <test-method signature="testPostUser()[pri:1, instance:api.test.UserTests@3ce1e309]" started-at="2024-10-22T15:21:09 IST" name="testPostUser" finished-at="2024-10-22T15:21:12 IST" duration-ms="3046" status="PASS">
          <reporter-output>
          </reporter-output>
        </test-method> <!-- testPostUser -->
        <test-method signature="getUserByName()[pri:2, instance:api.test.UserTests@3ce1e309]" started-at="2024-10-22T15:21:12 IST" name="getUserByName" finished-at="2024-10-22T15:21:13 IST" duration-ms="1385" status="PASS">
          <reporter-output>
          </reporter-output>
        </test-method> <!-- getUserByName -->
        <test-method signature="testUpdateUserByName()[pri:3, instance:api.test.UserTests@3ce1e309]" started-at="2024-10-22T15:21:13 IST" name="testUpdateUserByName" finished-at="2024-10-22T15:21:16 IST" duration-ms="2661" status="PASS">
          <reporter-output>
          </reporter-output>
        </test-method> <!-- testUpdateUserByName -->
        <test-method signature="testDeleteUserByName()[pri:4, instance:api.test.UserTests@3ce1e309]" started-at="2024-10-22T15:21:16 IST" name="testDeleteUserByName" finished-at="2024-10-22T15:21:17 IST" duration-ms="1252" status="PASS">
          <reporter-output>
          </reporter-output>
        </test-method> <!-- testDeleteUserByName -->
      </class> <!-- api.test.UserTests -->
    </test> <!-- PetTests -->
  </suite> <!-- PetSuite -->
</testng-results>
