<?xml version="1.0" encoding="UTF-8"?>
<testng-results ignored="0" total="4" passed="4" failed="0" skipped="0">
  <reporter-output>
  </reporter-output>
  <suite started-at="2024-10-22T13:12:28 IST" name="PetSuite" finished-at="2024-10-22T13:12:37 IST" duration-ms="8801">
    <groups>
    </groups>
    <test started-at="2024-10-22T13:12:28 IST" name="PetTests" finished-at="2024-10-22T13:12:37 IST" duration-ms="8801">
      <class name="api.test.UserTests">
        <test-method is-config="true" signature="setupData()[pri:0, instance:api.test.UserTests@47eaca72]" started-at="2024-10-22T13:12:28 IST" name="setupData" finished-at="2024-10-22T13:12:29 IST" duration-ms="183" status="PASS">
          <reporter-output>
          </reporter-output>
        </test-method> <!-- setupData -->
        <test-method signature="testPostUser()[pri:1, instance:api.test.UserTests@47eaca72]" started-at="2024-10-22T13:12:29 IST" name="testPostUser" finished-at="2024-10-22T13:12:31 IST" duration-ms="2909" status="PASS">
          <reporter-output>
          </reporter-output>
        </test-method> <!-- testPostUser -->
        <test-method signature="getUserByName()[pri:2, instance:api.test.UserTests@47eaca72]" started-at="2024-10-22T13:12:31 IST" name="getUserByName" finished-at="2024-10-22T13:12:33 IST" duration-ms="1282" status="PASS">
          <reporter-output>
          </reporter-output>
        </test-method> <!-- getUserByName -->
        <test-method signature="testUpdateUserByName()[pri:3, instance:api.test.UserTests@47eaca72]" started-at="2024-10-22T13:12:33 IST" name="testUpdateUserByName" finished-at="2024-10-22T13:12:35 IST" duration-ms="2645" status="PASS">
          <reporter-output>
          </reporter-output>
        </test-method> <!-- testUpdateUserByName -->
        <test-method signature="testDeleteUserByName()[pri:4, instance:api.test.UserTests@47eaca72]" started-at="2024-10-22T13:12:35 IST" name="testDeleteUserByName" finished-at="2024-10-22T13:12:37 IST" duration-ms="1531" status="PASS">
          <reporter-output>
          </reporter-output>
        </test-method> <!-- testDeleteUserByName -->
      </class> <!-- api.test.UserTests -->
    </test> <!-- PetTests -->
  </suite> <!-- PetSuite -->
</testng-results>
