<?xml version="1.0" encoding="UTF-8"?>
<!-- Generated by org.testng.reporters.JUnitXMLReporter -->
<testsuite ignored="0" hostname="5CG232143J" failures="0" tests="4" name="PetTests" time="8.763" errors="0" timestamp="2024-10-22T15:21:17 IST">
  <testcase classname="api.test.UserTests" name="testPostUser" time="3.046"/>
  <testcase classname="api.test.UserTests" name="getUserByName" time="1.385"/>
  <testcase classname="api.test.UserTests" name="testUpdateUserByName" time="2.661"/>
  <testcase classname="api.test.UserTests" name="testDeleteUserByName" time="1.252"/>
</testsuite> <!-- PetTests -->
