<?xml version="1.0" encoding="UTF-8"?>
<!-- Generated by org.testng.reporters.JUnitXMLReporter -->
<testsuite ignored="0" hostname="5CG232143J" failures="0" tests="4" name="PetTests" time="8.801" errors="0" timestamp="2024-10-22T13:12:37 IST">
  <testcase classname="api.test.UserTests" name="testPostUser" time="2.909"/>
  <testcase classname="api.test.UserTests" name="getUserByName" time="1.282"/>
  <testcase classname="api.test.UserTests" name="testUpdateUserByName" time="2.645"/>
  <testcase classname="api.test.UserTests" name="testDeleteUserByName" time="1.531"/>
</testsuite> <!-- PetTests -->
